<?xml version="1.0" encoding="UTF-8"?>
<!-- Generated by org.testng.reporters.JUnitReportReporter -->
<testsuite hostname="DESKTOP-1HND23K" name="CtgTest" tests="1" failures="0" timestamp="8 Sep 2017 21:10:27 GMT" time="0.000" errors="0">
  <testcase name="testCtgPositive" time="0.000" classname="CtgTest"/>
</testsuite> <!-- CtgTest -->
